{
  "RSpec": {
    "coverage": {
      "/home/glabrego/workspace/emprego-ja/app/helpers/application_helper.rb": [
        1,
        null
      ],
      "/home/glabrego/workspace/emprego-ja/app/models/company.rb": [
        1,
        1,
        null
      ],
      "/home/glabrego/workspace/emprego-ja/app/controllers/companies_controller.rb": [
        1,
        1,
        1,
        null,
        null,
        1,
        1,
        null,
        null,
        1,
        1,
        1,
        null,
        null,
        1,
        null,
        1,
        null,
        1,
        null,
        null
      ],
      "/home/glabrego/workspace/emprego-ja/app/controllers/application_controller.rb": [
        1,
        null,
        null,
        1,
        null
      ],
      "/home/glabrego/workspace/emprego-ja/app/models/job.rb": [
        1,
        1,
        null
      ],
      "/home/glabrego/workspace/emprego-ja/app/controllers/jobs_controller.rb": [
        1,
        1,
        3,
        null,
        null,
        1,
        2,
        2,
        null,
        null,
        1,
        2,
        2,
        null,
        null,
        1,
        null,
        1,
        null,
        2,
        null,
        null,
        null
      ],
      "/home/glabrego/workspace/emprego-ja/app/controllers/home_controller.rb": [
        1,
        1,
        3,
        null,
        null
      ]
    },
    "timestamp": 1453777635
  }
}
