{
  "RSpec": {
    "coverage": {
      "/home/glabrego/workspace/empregoja/app/models/user.rb": [
        1,
        null,
        null,
        1,
        null,
        null
      ],
      "/home/glabrego/workspace/empregoja/app/helpers/application_helper.rb": [
        1,
        null
      ],
      "/home/glabrego/workspace/empregoja/app/models/company.rb": [
        1,
        1,
        1,
        null,
        1,
        19,
        null,
        null
      ],
      "/home/glabrego/workspace/empregoja/app/models/job.rb": [
        1,
        1,
        1,
        1,
        1,
        1,
        null,
        1,
        null,
        1,
        20,
        null,
        null,
        1,
        22,
        null,
        null,
        null,
        null,
        null
      ],
      "/home/glabrego/workspace/empregoja/app/controllers/application_controller.rb": [
        1,
        null,
        null,
        1,
        null
      ],
      "/home/glabrego/workspace/empregoja/app/controllers/home_controller.rb": [
        1,
        1,
        19,
        19,
        19,
        null,
        null
      ],
      "/home/glabrego/workspace/empregoja/app/models/category.rb": [
        1,
        1,
        1,
        null
      ],
      "/home/glabrego/workspace/empregoja/app/controllers/companies_controller.rb": [
        1,
        1,
        1,
        1,
        2,
        null,
        null,
        1,
        2,
        2,
        1,
        null,
        1,
        1,
        null,
        null,
        null,
        1,
        null,
        null,
        1,
        1,
        1,
        null,
        0,
        0,
        null,
        null,
        null,
        1,
        null,
        null,
        1,
        null,
        1,
        6,
        null,
        null,
        1,
        3,
        null,
        null
      ],
      "/home/glabrego/workspace/empregoja/app/controllers/categories_controller.rb": [
        1,
        1,
        null,
        1,
        3,
        null,
        null,
        1,
        2,
        null,
        null,
        1,
        2,
        2,
        1,
        null,
        1,
        1,
        null,
        null,
        null
      ],
      "/home/glabrego/workspace/empregoja/app/controllers/jobs_controller.rb": [
        1,
        1,
        1,
        1,
        null,
        1,
        null,
        null,
        1,
        3,
        null,
        null,
        1,
        null,
        null,
        1,
        2,
        2,
        null,
        0,
        null,
        null,
        null,
        1,
        3,
        3,
        2,
        null,
        1,
        null,
        null,
        null,
        1,
        null,
        1,
        9,
        9,
        null,
        null,
        1,
        9,
        null,
        null,
        1,
        null,
        5,
        null,
        null,
        null
      ],
      "/home/glabrego/workspace/empregoja/app/controllers/hiring_types_controller.rb": [
        0,
        0,
        0,
        0,
        0,
        0
      ]
    },
    "timestamp": 1453922152
  }
}
